{"C:\\Users\\Rod\\Documents\\ISDI\\ISDI Challenges\\semana 7\\challenge-weekend\\back\\src\\loadEnvironment.ts": {"path":"C:\\Users\\Rod\\Documents\\ISDI\\ISDI Challenges\\semana 7\\challenge-weekend\\back\\src\\loadEnvironment.ts","statementMap":{"0":{"start":{"line":1,"column":0},"end":{"line":1,"column":28}},"1":{"start":{"line":2,"column":0},"end":{"line":2,"column":16}},"2":{"start":{"line":4,"column":20},"end":{"line":9,"column":2}},"3":{"start":{"line":11,"column":0},"end":{"line":11,"column":27}}},"fnMap":{},"branchMap":{},"s":{"0":2,"1":2,"2":2,"3":2},"f":{},"b":{}}
,"C:\\Users\\Rod\\Documents\\ISDI\\ISDI Challenges\\semana 7\\challenge-weekend\\back\\src\\CustomError\\CustomError.ts": {"path":"C:\\Users\\Rod\\Documents\\ISDI\\ISDI Challenges\\semana 7\\challenge-weekend\\back\\src\\CustomError\\CustomError.ts","statementMap":{"0":{"start":{"line":7,"column":4},"end":{"line":7,"column":19}},"1":{"start":{"line":4,"column":11},"end":{"line":4,"column":29}},"2":{"start":{"line":5,"column":11},"end":{"line":5,"column":32}},"3":{"start":{"line":11,"column":0},"end":{"line":11,"column":27}}},"fnMap":{"0":{"name":"(anonymous_0)","decl":{"start":{"line":2,"column":2},"end":{"line":2,"column":null}},"loc":{"start":{"line":5,"column":32},"end":{"line":8,"column":3}}}},"branchMap":{},"s":{"0":6,"1":6,"2":6,"3":3},"f":{"0":6},"b":{}}
,"C:\\Users\\Rod\\Documents\\ISDI\\ISDI Challenges\\semana 7\\challenge-weekend\\back\\src\\CustomError\\types.ts": {"path":"C:\\Users\\Rod\\Documents\\ISDI\\ISDI Challenges\\semana 7\\challenge-weekend\\back\\src\\CustomError\\types.ts","statementMap":{"0":{"start":{"line":1,"column":0},"end":{"line":1,"column":43}},"1":{"start":{"line":3,"column":19},"end":{"line":10,"column":2}},"2":{"start":{"line":12,"column":0},"end":{"line":12,"column":26}}},"fnMap":{},"branchMap":{},"s":{"0":1,"1":1,"2":1},"f":{},"b":{}}
,"C:\\Users\\Rod\\Documents\\ISDI\\ISDI Challenges\\semana 7\\challenge-weekend\\back\\src\\database\\index.ts": {"path":"C:\\Users\\Rod\\Documents\\ISDI\\ISDI Challenges\\semana 7\\challenge-weekend\\back\\src\\database\\index.ts","statementMap":{"0":{"start":{"line":1,"column":0},"end":{"line":1,"column":32}},"1":{"start":{"line":2,"column":0},"end":{"line":2,"column":31}},"2":{"start":{"line":4,"column":24},"end":{"line":16,"column":1}},"3":{"start":{"line":5,"column":2},"end":{"line":5,"column":35}},"4":{"start":{"line":7,"column":2},"end":{"line":15,"column":5}},"5":{"start":{"line":10,"column":6},"end":{"line":10,"column":21}},"6":{"start":{"line":11,"column":6},"end":{"line":11,"column":21}},"7":{"start":{"line":13,"column":6},"end":{"line":13,"column":17}},"8":{"start":{"line":18,"column":0},"end":{"line":18,"column":31}}},"fnMap":{"0":{"name":"(anonymous_1)","decl":{"start":{"line":4,"column":24},"end":{"line":4,"column":29}},"loc":{"start":{"line":4,"column":51},"end":{"line":16,"column":1}}},"1":{"name":"(anonymous_2)","decl":{"start":{"line":9,"column":4},"end":{"line":9,"column":13}},"loc":{"start":{"line":9,"column":22},"end":{"line":14,"column":5}}}},"branchMap":{},"s":{"0":1,"1":1,"2":1,"3":1,"4":1,"5":0,"6":0,"7":0,"8":1},"f":{"0":1,"1":0},"b":{}}
,"C:\\Users\\Rod\\Documents\\ISDI\\ISDI Challenges\\semana 7\\challenge-weekend\\back\\src\\database\\models\\Users.ts": {"path":"C:\\Users\\Rod\\Documents\\ISDI\\ISDI Challenges\\semana 7\\challenge-weekend\\back\\src\\database\\models\\Users.ts","statementMap":{"0":{"start":{"line":1,"column":0},"end":{"line":1,"column":41}},"1":{"start":{"line":4,"column":19},"end":{"line":15,"column":2}},"2":{"start":{"line":17,"column":13},"end":{"line":17,"column":47}},"3":{"start":{"line":21,"column":0},"end":{"line":21,"column":20}}},"fnMap":{},"branchMap":{},"s":{"0":2,"1":2,"2":2,"3":2},"f":{},"b":{}}
,"C:\\Users\\Rod\\Documents\\ISDI\\ISDI Challenges\\semana 7\\challenge-weekend\\back\\src\\middlewares\\errors\\errors.ts": {"path":"C:\\Users\\Rod\\Documents\\ISDI\\ISDI Challenges\\semana 7\\challenge-weekend\\back\\src\\middlewares\\errors\\errors.ts","statementMap":{"0":{"start":{"line":4,"column":31},"end":{"line":6,"column":1}},"1":{"start":{"line":5,"column":2},"end":{"line":5,"column":56}},"2":{"start":{"line":4,"column":13},"end":{"line":4,"column":31}},"3":{"start":{"line":8,"column":28},"end":{"line":19,"column":1}},"4":{"start":{"line":15,"column":21},"end":{"line":15,"column":44}},"5":{"start":{"line":17,"column":4},"end":{"line":17,"column":73}},"6":{"start":{"line":18,"column":2},"end":{"line":18,"column":50}},"7":{"start":{"line":8,"column":13},"end":{"line":8,"column":28}}},"fnMap":{"0":{"name":"(anonymous_0)","decl":{"start":{"line":4,"column":31},"end":{"line":4,"column":32}},"loc":{"start":{"line":4,"column":63},"end":{"line":6,"column":1}}},"1":{"name":"(anonymous_1)","decl":{"start":{"line":8,"column":28},"end":{"line":8,"column":null}},"loc":{"start":{"line":14,"column":4},"end":{"line":19,"column":1}}}},"branchMap":{"0":{"loc":{"start":{"line":15,"column":21},"end":{"line":15,"column":44}},"type":"binary-expr","locations":[{"start":{"line":15,"column":21},"end":{"line":15,"column":37}},{"start":{"line":15,"column":41},"end":{"line":15,"column":44}}]},"1":{"loc":{"start":{"line":17,"column":4},"end":{"line":17,"column":73}},"type":"binary-expr","locations":[{"start":{"line":17,"column":4},"end":{"line":17,"column":23}},{"start":{"line":17,"column":27},"end":{"line":17,"column":73}}]}},"s":{"0":1,"1":0,"2":1,"3":1,"4":2,"5":2,"6":2,"7":1},"f":{"0":0,"1":2},"b":{"0":[2,0],"1":[2,0]}}
,"C:\\Users\\Rod\\Documents\\ISDI\\ISDI Challenges\\semana 7\\challenge-weekend\\back\\src\\routers\\userRouter.ts": {"path":"C:\\Users\\Rod\\Documents\\ISDI\\ISDI Challenges\\semana 7\\challenge-weekend\\back\\src\\routers\\userRouter.ts","statementMap":{"0":{"start":{"line":1,"column":0},"end":{"line":1,"column":30}},"1":{"start":{"line":2,"column":0},"end":{"line":2,"column":85}},"2":{"start":{"line":4,"column":20},"end":{"line":4,"column":36}},"3":{"start":{"line":6,"column":0},"end":{"line":6,"column":38}},"4":{"start":{"line":8,"column":0},"end":{"line":8,"column":27}}},"fnMap":{},"branchMap":{},"s":{"0":1,"1":1,"2":1,"3":1,"4":1},"f":{},"b":{}}
,"C:\\Users\\Rod\\Documents\\ISDI\\ISDI Challenges\\semana 7\\challenge-weekend\\back\\src\\server\\app.ts": {"path":"C:\\Users\\Rod\\Documents\\ISDI\\ISDI Challenges\\semana 7\\challenge-weekend\\back\\src\\server\\app.ts","statementMap":{"0":{"start":{"line":1,"column":0},"end":{"line":1,"column":31}},"1":{"start":{"line":2,"column":0},"end":{"line":2,"column":30}},"2":{"start":{"line":3,"column":0},"end":{"line":3,"column":28}},"3":{"start":{"line":4,"column":0},"end":{"line":4,"column":80}},"4":{"start":{"line":5,"column":0},"end":{"line":5,"column":51}},"5":{"start":{"line":7,"column":12},"end":{"line":7,"column":21}},"6":{"start":{"line":9,"column":0},"end":{"line":9,"column":28}},"7":{"start":{"line":11,"column":0},"end":{"line":11,"column":23}},"8":{"start":{"line":13,"column":0},"end":{"line":13,"column":24}},"9":{"start":{"line":15,"column":0},"end":{"line":15,"column":31}},"10":{"start":{"line":17,"column":0},"end":{"line":17,"column":22}},"11":{"start":{"line":19,"column":0},"end":{"line":19,"column":25}},"12":{"start":{"line":21,"column":0},"end":{"line":21,"column":19}}},"fnMap":{},"branchMap":{},"s":{"0":1,"1":1,"2":1,"3":1,"4":1,"5":1,"6":1,"7":1,"8":1,"9":1,"10":1,"11":1,"12":1},"f":{},"b":{}}
,"C:\\Users\\Rod\\Documents\\ISDI\\ISDI Challenges\\semana 7\\challenge-weekend\\back\\src\\server\\controllers\\userControllers\\userControllers.ts": {"path":"C:\\Users\\Rod\\Documents\\ISDI\\ISDI Challenges\\semana 7\\challenge-weekend\\back\\src\\server\\controllers\\userControllers\\userControllers.ts","statementMap":{"0":{"start":{"line":1,"column":0},"end":{"line":1,"column":37}},"1":{"start":{"line":2,"column":0},"end":{"line":2,"column":31}},"2":{"start":{"line":4,"column":0},"end":{"line":4,"column":62}},"3":{"start":{"line":5,"column":0},"end":{"line":5,"column":53}},"4":{"start":{"line":10,"column":0},"end":{"line":10,"column":30}},"5":{"start":{"line":11,"column":0},"end":{"line":11,"column":54}},"6":{"start":{"line":13,"column":25},"end":{"line":40,"column":1}},"7":{"start":{"line":18,"column":33},"end":{"line":18,"column":60}},"8":{"start":{"line":19,"column":15},"end":{"line":19,"column":47}},"9":{"start":{"line":20,"column":2},"end":{"line":28,"column":null}},"10":{"start":{"line":21,"column":18},"end":{"line":24,"column":null}},"11":{"start":{"line":26,"column":4},"end":{"line":26,"column":16}},"12":{"start":{"line":27,"column":4},"end":{"line":27,"column":11}},"13":{"start":{"line":30,"column":41},"end":{"line":33,"column":4}},"14":{"start":{"line":35,"column":16},"end":{"line":37,"column":4}},"15":{"start":{"line":39,"column":2},"end":{"line":39,"column":34}},"16":{"start":{"line":13,"column":13},"end":{"line":13,"column":25}}},"fnMap":{"0":{"name":"(anonymous_1)","decl":{"start":{"line":13,"column":25},"end":{"line":13,"column":30}},"loc":{"start":{"line":17,"column":4},"end":{"line":40,"column":1}}}},"branchMap":{"0":{"loc":{"start":{"line":20,"column":2},"end":{"line":28,"column":null}},"type":"if","locations":[{"start":{"line":20,"column":2},"end":{"line":28,"column":null}}]},"1":{"loc":{"start":{"line":20,"column":6},"end":{"line":20,"column":63}},"type":"binary-expr","locations":[{"start":{"line":20,"column":6},"end":{"line":20,"column":11}},{"start":{"line":20,"column":15},"end":{"line":20,"column":63}}]}},"s":{"0":2,"1":2,"2":2,"3":2,"4":2,"5":2,"6":2,"7":5,"8":5,"9":5,"10":3,"11":3,"12":3,"13":2,"14":2,"15":2,"16":2},"f":{"0":5},"b":{"0":[3],"1":[5,3]}}
}
