{"C:\\Users\\Rod\\Documents\\ISDI\\ISDI Challenges\\semana 7\\challenge-weekend\\back\\src\\CustomError\\CustomError.ts": {"path":"C:\\Users\\Rod\\Documents\\ISDI\\ISDI Challenges\\semana 7\\challenge-weekend\\back\\src\\CustomError\\CustomError.ts","statementMap":{"0":{"start":{"line":7,"column":4},"end":{"line":7,"column":19}},"1":{"start":{"line":4,"column":11},"end":{"line":4,"column":29}},"2":{"start":{"line":5,"column":11},"end":{"line":5,"column":32}},"3":{"start":{"line":11,"column":0},"end":{"line":11,"column":27}}},"fnMap":{"0":{"name":"(anonymous_0)","decl":{"start":{"line":2,"column":2},"end":{"line":2,"column":null}},"loc":{"start":{"line":5,"column":32},"end":{"line":8,"column":3}}}},"branchMap":{},"s":{"0":1,"1":1,"2":1,"3":1},"f":{"0":1},"b":{}}
}
