TN:
SF:src\loadEnvironment.ts
FNF:0
FNH:0
DA:1,1
DA:2,1
DA:4,1
DA:11,1
LF:4
LH:4
BRF:0
BRH:0
end_of_record
TN:
SF:src\CustomError\CustomError.ts
FN:2,(anonymous_0)
FNF:1
FNH:1
FNDA:1,(anonymous_0)
DA:4,1
DA:5,1
DA:7,1
DA:11,2
LF:4
LH:4
BRF:0
BRH:0
end_of_record
TN:
SF:src\database\models\Users.ts
FNF:0
FNH:0
DA:1,1
DA:4,1
DA:17,1
DA:21,1
LF:4
LH:4
BRF:0
BRH:0
end_of_record
TN:
SF:src\server\controllers\userControllers\userControllers.ts
FN:13,(anonymous_1)
FNF:1
FNH:1
FNDA:1,(anonymous_1)
DA:1,1
DA:2,1
DA:4,1
DA:5,1
DA:10,1
DA:11,1
DA:13,1
DA:18,1
DA:19,1
DA:20,1
DA:21,0
DA:26,0
DA:27,0
DA:30,1
DA:35,1
DA:39,1
LF:16
LH:13
BRDA:20,0,0,0
BRDA:20,1,0,1
BRDA:20,1,1,1
BRF:3
BRH:2
end_of_record
